2014-10-26 21:08:13,653 [Worker-6] INFO  o.e.m.c.i.l.LifecycleMappingFactory - Using org.eclipse.m2e.jdt.JarLifecycleMapping lifecycle mapping for MavenProject: com.gmail.sacchin13.spring_boot_sample:spring_boot_sample:1.0-SNAPSHOT @ /Users/sacchin/Documents/git/PGLScript/PokemonDatasource/pom.xml.
2014-10-26 21:08:13,730 [Worker-8] INFO  o.e.m.c.i.l.LifecycleMappingFactory - Using org.eclipse.m2e.jdt.JarLifecycleMapping lifecycle mapping for MavenProject: com.gmail.sacchin13.spring_boot_sample:spring_boot_sample:1.0-SNAPSHOT @ /Users/sacchin/Documents/git/PGLScript/PokemonDatasource/pom.xml.
2014-10-26 21:08:14,935 [Worker-8] INFO  o.e.m.c.i.embedder.EclipseLogger - Using 'UTF-8' encoding to copy filtered resources.
2014-10-26 21:08:14,943 [Worker-8] INFO  o.e.m.c.i.embedder.EclipseLogger - Copying 1 resource
2014-10-26 21:08:14,965 [Worker-8] INFO  o.e.m.c.i.embedder.EclipseLogger - Copying 5 resources
2014-10-26 21:08:14,974 [Worker-8] INFO  o.e.m.c.i.embedder.EclipseLogger - Using 'UTF-8' encoding to copy filtered resources.
2014-10-26 21:08:14,974 [Worker-8] INFO  o.e.m.c.i.embedder.EclipseLogger - skip non existing resourceDirectory /Users/sacchin/Documents/git/PGLScript/PokemonDatasource/src/test/resources
2014-10-26 21:08:20,098 [Worker-6] INFO  o.e.m.c.i.l.LifecycleMappingFactory - Using org.eclipse.m2e.jdt.JarLifecycleMapping lifecycle mapping for MavenProject: com.gmail.sacchin13.spring_boot_sample:spring_boot_sample:1.0-SNAPSHOT @ /Users/sacchin/Documents/git/PGLScript/PokemonDatasource/pom.xml.
2014-10-26 21:08:21,447 [Worker-3] INFO  o.e.m.c.i.embedder.EclipseLogger - Using 'UTF-8' encoding to copy filtered resources.
2014-10-26 21:08:21,454 [Worker-3] INFO  o.e.m.c.i.embedder.EclipseLogger - Copying 1 resource
2014-10-26 21:08:21,457 [Worker-3] INFO  o.e.m.c.i.embedder.EclipseLogger - Copying 5 resources
2014-10-26 21:08:21,461 [Worker-3] INFO  o.e.m.c.i.embedder.EclipseLogger - Using 'UTF-8' encoding to copy filtered resources.
2014-10-26 21:08:21,462 [Worker-3] INFO  o.e.m.c.i.embedder.EclipseLogger - skip non existing resourceDirectory /Users/sacchin/Documents/git/PGLScript/PokemonDatasource/src/test/resources
2014-10-26 21:09:41,137 [Worker-4] INFO  o.e.m.c.i.embedder.EclipseLogger - Using 'UTF-8' encoding to copy filtered resources.
2014-10-26 21:09:41,138 [Worker-4] INFO  o.e.m.c.i.embedder.EclipseLogger - Copying 1 resource
2014-10-26 21:09:41,139 [Worker-4] INFO  o.e.m.c.i.embedder.EclipseLogger - Copying 5 resources
2014-10-26 21:09:41,142 [Worker-4] INFO  o.e.m.c.i.embedder.EclipseLogger - Using 'UTF-8' encoding to copy filtered resources.
2014-10-26 21:09:41,143 [Worker-4] INFO  o.e.m.c.i.embedder.EclipseLogger - skip non existing resourceDirectory /Users/sacchin/Documents/git/PGLScript/PokemonDatasource/src/test/resources
2014-10-26 21:09:42,164 [Worker-5] INFO  o.e.m.c.i.embedder.EclipseLogger - Using 'UTF-8' encoding to copy filtered resources.
2014-10-26 21:09:42,164 [Worker-5] INFO  o.e.m.c.i.embedder.EclipseLogger - Copying 1 resource
2014-10-26 21:09:42,165 [Worker-5] INFO  o.e.m.c.i.embedder.EclipseLogger - Copying 5 resources
2014-10-26 21:09:42,167 [Worker-5] INFO  o.e.m.c.i.embedder.EclipseLogger - Using 'UTF-8' encoding to copy filtered resources.
2014-10-26 21:09:42,167 [Worker-5] INFO  o.e.m.c.i.embedder.EclipseLogger - skip non existing resourceDirectory /Users/sacchin/Documents/git/PGLScript/PokemonDatasource/src/test/resources
2014-10-26 21:16:05,609 [Worker-2] INFO  o.e.m.c.i.embedder.EclipseLogger - Using 'UTF-8' encoding to copy filtered resources.
2014-10-26 21:16:05,610 [Worker-2] INFO  o.e.m.c.i.embedder.EclipseLogger - Copying 1 resource
2014-10-26 21:16:05,611 [Worker-2] INFO  o.e.m.c.i.embedder.EclipseLogger - Copying 5 resources
2014-10-26 21:16:05,613 [Worker-2] INFO  o.e.m.c.i.embedder.EclipseLogger - Using 'UTF-8' encoding to copy filtered resources.
2014-10-26 21:16:05,613 [Worker-2] INFO  o.e.m.c.i.embedder.EclipseLogger - skip non existing resourceDirectory /Users/sacchin/Documents/git/PGLScript/PokemonDatasource/src/test/resources
2014-10-26 21:17:28,068 [Worker-3] INFO  o.e.m.c.i.embedder.EclipseLogger - Using 'UTF-8' encoding to copy filtered resources.
2014-10-26 21:17:28,069 [Worker-3] INFO  o.e.m.c.i.embedder.EclipseLogger - Copying 1 resource
2014-10-26 21:17:28,072 [Worker-3] INFO  o.e.m.c.i.embedder.EclipseLogger - Copying 5 resources
2014-10-26 21:17:28,073 [Worker-3] INFO  o.e.m.c.i.embedder.EclipseLogger - Using 'UTF-8' encoding to copy filtered resources.
2014-10-26 21:17:28,074 [Worker-3] INFO  o.e.m.c.i.embedder.EclipseLogger - skip non existing resourceDirectory /Users/sacchin/Documents/git/PGLScript/PokemonDatasource/src/test/resources
2014-10-26 21:17:50,927 [Worker-7] INFO  o.e.m.c.i.embedder.EclipseLogger - Using 'UTF-8' encoding to copy filtered resources.
2014-10-26 21:17:50,928 [Worker-7] INFO  o.e.m.c.i.embedder.EclipseLogger - Copying 1 resource
2014-10-26 21:17:50,929 [Worker-7] INFO  o.e.m.c.i.embedder.EclipseLogger - Copying 5 resources
2014-10-26 21:17:50,931 [Worker-7] INFO  o.e.m.c.i.embedder.EclipseLogger - Using 'UTF-8' encoding to copy filtered resources.
2014-10-26 21:17:50,931 [Worker-7] INFO  o.e.m.c.i.embedder.EclipseLogger - skip non existing resourceDirectory /Users/sacchin/Documents/git/PGLScript/PokemonDatasource/src/test/resources
2014-10-26 21:19:15,952 [Worker-4] INFO  o.e.m.c.i.embedder.EclipseLogger - Using 'UTF-8' encoding to copy filtered resources.
2014-10-26 21:19:15,953 [Worker-4] INFO  o.e.m.c.i.embedder.EclipseLogger - Copying 1 resource
2014-10-26 21:19:15,954 [Worker-4] INFO  o.e.m.c.i.embedder.EclipseLogger - Copying 5 resources
2014-10-26 21:19:15,961 [Worker-4] INFO  o.e.m.c.i.embedder.EclipseLogger - Using 'UTF-8' encoding to copy filtered resources.
2014-10-26 21:19:15,961 [Worker-4] INFO  o.e.m.c.i.embedder.EclipseLogger - skip non existing resourceDirectory /Users/sacchin/Documents/git/PGLScript/PokemonDatasource/src/test/resources
2014-10-26 21:19:36,473 [Worker-1] INFO  o.e.m.c.i.embedder.EclipseLogger - Using 'UTF-8' encoding to copy filtered resources.
2014-10-26 21:19:36,477 [Worker-1] INFO  o.e.m.c.i.embedder.EclipseLogger - Copying 1 resource
2014-10-26 21:19:36,483 [Worker-1] INFO  o.e.m.c.i.embedder.EclipseLogger - Copying 5 resources
2014-10-26 21:19:36,485 [Worker-1] INFO  o.e.m.c.i.embedder.EclipseLogger - Using 'UTF-8' encoding to copy filtered resources.
2014-10-26 21:19:36,485 [Worker-1] INFO  o.e.m.c.i.embedder.EclipseLogger - skip non existing resourceDirectory /Users/sacchin/Documents/git/PGLScript/PokemonDatasource/src/test/resources
2014-10-26 21:19:45,213 [Worker-0] INFO  o.e.m.c.i.embedder.EclipseLogger - Using 'UTF-8' encoding to copy filtered resources.
2014-10-26 21:19:45,214 [Worker-0] INFO  o.e.m.c.i.embedder.EclipseLogger - Copying 1 resource
2014-10-26 21:19:45,215 [Worker-0] INFO  o.e.m.c.i.embedder.EclipseLogger - Copying 5 resources
2014-10-26 21:19:45,217 [Worker-0] INFO  o.e.m.c.i.embedder.EclipseLogger - Using 'UTF-8' encoding to copy filtered resources.
2014-10-26 21:19:45,217 [Worker-0] INFO  o.e.m.c.i.embedder.EclipseLogger - skip non existing resourceDirectory /Users/sacchin/Documents/git/PGLScript/PokemonDatasource/src/test/resources
2014-10-26 21:19:49,136 [Worker-7] INFO  o.e.m.c.i.embedder.EclipseLogger - Using 'UTF-8' encoding to copy filtered resources.
2014-10-26 21:19:49,140 [Worker-7] INFO  o.e.m.c.i.embedder.EclipseLogger - Copying 1 resource
2014-10-26 21:19:49,142 [Worker-7] INFO  o.e.m.c.i.embedder.EclipseLogger - Copying 5 resources
2014-10-26 21:19:49,143 [Worker-7] INFO  o.e.m.c.i.embedder.EclipseLogger - Using 'UTF-8' encoding to copy filtered resources.
2014-10-26 21:19:49,144 [Worker-7] INFO  o.e.m.c.i.embedder.EclipseLogger - skip non existing resourceDirectory /Users/sacchin/Documents/git/PGLScript/PokemonDatasource/src/test/resources
2014-10-26 21:20:06,703 [Worker-0] INFO  o.e.m.c.i.embedder.EclipseLogger - Using 'UTF-8' encoding to copy filtered resources.
2014-10-26 21:20:06,704 [Worker-0] INFO  o.e.m.c.i.embedder.EclipseLogger - Copying 1 resource
2014-10-26 21:20:06,705 [Worker-0] INFO  o.e.m.c.i.embedder.EclipseLogger - Copying 5 resources
2014-10-26 21:20:06,707 [Worker-0] INFO  o.e.m.c.i.embedder.EclipseLogger - Using 'UTF-8' encoding to copy filtered resources.
2014-10-26 21:20:06,707 [Worker-0] INFO  o.e.m.c.i.embedder.EclipseLogger - skip non existing resourceDirectory /Users/sacchin/Documents/git/PGLScript/PokemonDatasource/src/test/resources
2014-10-26 21:21:56,878 [Worker-9] INFO  o.e.m.c.i.embedder.EclipseLogger - Using 'UTF-8' encoding to copy filtered resources.
2014-10-26 21:21:56,879 [Worker-9] INFO  o.e.m.c.i.embedder.EclipseLogger - Copying 1 resource
2014-10-26 21:21:56,880 [Worker-9] INFO  o.e.m.c.i.embedder.EclipseLogger - Copying 5 resources
2014-10-26 21:21:56,882 [Worker-9] INFO  o.e.m.c.i.embedder.EclipseLogger - Using 'UTF-8' encoding to copy filtered resources.
2014-10-26 21:21:56,882 [Worker-9] INFO  o.e.m.c.i.embedder.EclipseLogger - skip non existing resourceDirectory /Users/sacchin/Documents/git/PGLScript/PokemonDatasource/src/test/resources
2014-10-26 21:23:46,007 [Worker-6] INFO  o.e.m.c.i.embedder.EclipseLogger - Using 'UTF-8' encoding to copy filtered resources.
2014-10-26 21:23:46,008 [Worker-6] INFO  o.e.m.c.i.embedder.EclipseLogger - Copying 1 resource
2014-10-26 21:23:46,009 [Worker-6] INFO  o.e.m.c.i.embedder.EclipseLogger - Copying 5 resources
2014-10-26 21:23:46,010 [Worker-6] INFO  o.e.m.c.i.embedder.EclipseLogger - Using 'UTF-8' encoding to copy filtered resources.
2014-10-26 21:23:46,010 [Worker-6] INFO  o.e.m.c.i.embedder.EclipseLogger - skip non existing resourceDirectory /Users/sacchin/Documents/git/PGLScript/PokemonDatasource/src/test/resources
2014-10-26 21:24:24,501 [Worker-2] INFO  o.e.m.c.i.embedder.EclipseLogger - Using 'UTF-8' encoding to copy filtered resources.
2014-10-26 21:24:24,504 [Worker-2] INFO  o.e.m.c.i.embedder.EclipseLogger - Copying 1 resource
2014-10-26 21:24:24,505 [Worker-2] INFO  o.e.m.c.i.embedder.EclipseLogger - Copying 5 resources
2014-10-26 21:24:24,507 [Worker-2] INFO  o.e.m.c.i.embedder.EclipseLogger - Using 'UTF-8' encoding to copy filtered resources.
2014-10-26 21:24:24,508 [Worker-2] INFO  o.e.m.c.i.embedder.EclipseLogger - skip non existing resourceDirectory /Users/sacchin/Documents/git/PGLScript/PokemonDatasource/src/test/resources
2014-10-26 21:25:05,479 [Worker-5] INFO  o.e.m.c.i.embedder.EclipseLogger - Using 'UTF-8' encoding to copy filtered resources.
2014-10-26 21:25:05,479 [Worker-5] INFO  o.e.m.c.i.embedder.EclipseLogger - Copying 1 resource
2014-10-26 21:25:05,481 [Worker-5] INFO  o.e.m.c.i.embedder.EclipseLogger - Copying 5 resources
2014-10-26 21:25:05,484 [Worker-5] INFO  o.e.m.c.i.embedder.EclipseLogger - Using 'UTF-8' encoding to copy filtered resources.
2014-10-26 21:25:05,484 [Worker-5] INFO  o.e.m.c.i.embedder.EclipseLogger - skip non existing resourceDirectory /Users/sacchin/Documents/git/PGLScript/PokemonDatasource/src/test/resources
2014-10-26 21:30:04,828 [Worker-2] INFO  o.e.m.c.i.embedder.EclipseLogger - Using 'UTF-8' encoding to copy filtered resources.
2014-10-26 21:30:04,829 [Worker-2] INFO  o.e.m.c.i.embedder.EclipseLogger - Copying 1 resource
2014-10-26 21:30:04,831 [Worker-2] INFO  o.e.m.c.i.embedder.EclipseLogger - Copying 5 resources
2014-10-26 21:30:04,832 [Worker-2] INFO  o.e.m.c.i.embedder.EclipseLogger - Using 'UTF-8' encoding to copy filtered resources.
2014-10-26 21:30:04,833 [Worker-2] INFO  o.e.m.c.i.embedder.EclipseLogger - skip non existing resourceDirectory /Users/sacchin/Documents/git/PGLScript/PokemonDatasource/src/test/resources
2014-10-26 21:30:08,407 [Worker-2] INFO  o.e.m.c.i.embedder.EclipseLogger - Using 'UTF-8' encoding to copy filtered resources.
2014-10-26 21:30:08,407 [Worker-2] INFO  o.e.m.c.i.embedder.EclipseLogger - Copying 1 resource
2014-10-26 21:30:08,408 [Worker-2] INFO  o.e.m.c.i.embedder.EclipseLogger - Copying 5 resources
2014-10-26 21:30:08,410 [Worker-2] INFO  o.e.m.c.i.embedder.EclipseLogger - Using 'UTF-8' encoding to copy filtered resources.
2014-10-26 21:30:08,410 [Worker-2] INFO  o.e.m.c.i.embedder.EclipseLogger - skip non existing resourceDirectory /Users/sacchin/Documents/git/PGLScript/PokemonDatasource/src/test/resources
2014-10-26 21:30:17,394 [Worker-8] INFO  o.e.m.c.i.embedder.EclipseLogger - Using 'UTF-8' encoding to copy filtered resources.
2014-10-26 21:30:17,395 [Worker-8] INFO  o.e.m.c.i.embedder.EclipseLogger - Copying 1 resource
2014-10-26 21:30:17,398 [Worker-8] INFO  o.e.m.c.i.embedder.EclipseLogger - Copying 5 resources
2014-10-26 21:30:17,400 [Worker-8] INFO  o.e.m.c.i.embedder.EclipseLogger - Using 'UTF-8' encoding to copy filtered resources.
2014-10-26 21:30:17,400 [Worker-8] INFO  o.e.m.c.i.embedder.EclipseLogger - skip non existing resourceDirectory /Users/sacchin/Documents/git/PGLScript/PokemonDatasource/src/test/resources
2014-10-26 21:30:20,225 [Worker-0] INFO  o.e.m.c.i.embedder.EclipseLogger - Using 'UTF-8' encoding to copy filtered resources.
2014-10-26 21:30:20,226 [Worker-0] INFO  o.e.m.c.i.embedder.EclipseLogger - Copying 1 resource
2014-10-26 21:30:20,227 [Worker-0] INFO  o.e.m.c.i.embedder.EclipseLogger - Copying 5 resources
2014-10-26 21:30:20,228 [Worker-0] INFO  o.e.m.c.i.embedder.EclipseLogger - Using 'UTF-8' encoding to copy filtered resources.
2014-10-26 21:30:20,229 [Worker-0] INFO  o.e.m.c.i.embedder.EclipseLogger - skip non existing resourceDirectory /Users/sacchin/Documents/git/PGLScript/PokemonDatasource/src/test/resources
2014-10-26 21:31:22,870 [Worker-2] INFO  o.e.m.c.i.embedder.EclipseLogger - Using 'UTF-8' encoding to copy filtered resources.
2014-10-26 21:31:22,871 [Worker-2] INFO  o.e.m.c.i.embedder.EclipseLogger - Copying 1 resource
2014-10-26 21:31:22,872 [Worker-2] INFO  o.e.m.c.i.embedder.EclipseLogger - Copying 5 resources
2014-10-26 21:31:22,873 [Worker-2] INFO  o.e.m.c.i.embedder.EclipseLogger - Using 'UTF-8' encoding to copy filtered resources.
2014-10-26 21:31:22,874 [Worker-2] INFO  o.e.m.c.i.embedder.EclipseLogger - skip non existing resourceDirectory /Users/sacchin/Documents/git/PGLScript/PokemonDatasource/src/test/resources
2014-10-26 21:31:32,724 [Worker-0] INFO  o.e.m.c.i.embedder.EclipseLogger - Using 'UTF-8' encoding to copy filtered resources.
2014-10-26 21:31:32,725 [Worker-0] INFO  o.e.m.c.i.embedder.EclipseLogger - Copying 1 resource
2014-10-26 21:31:32,726 [Worker-0] INFO  o.e.m.c.i.embedder.EclipseLogger - Copying 5 resources
2014-10-26 21:31:32,730 [Worker-0] INFO  o.e.m.c.i.embedder.EclipseLogger - Using 'UTF-8' encoding to copy filtered resources.
2014-10-26 21:31:32,731 [Worker-0] INFO  o.e.m.c.i.embedder.EclipseLogger - skip non existing resourceDirectory /Users/sacchin/Documents/git/PGLScript/PokemonDatasource/src/test/resources
2014-10-26 21:31:35,438 [Worker-5] INFO  o.e.m.c.i.embedder.EclipseLogger - Using 'UTF-8' encoding to copy filtered resources.
2014-10-26 21:31:35,439 [Worker-5] INFO  o.e.m.c.i.embedder.EclipseLogger - Copying 1 resource
2014-10-26 21:31:35,440 [Worker-5] INFO  o.e.m.c.i.embedder.EclipseLogger - Copying 5 resources
2014-10-26 21:31:35,441 [Worker-5] INFO  o.e.m.c.i.embedder.EclipseLogger - Using 'UTF-8' encoding to copy filtered resources.
2014-10-26 21:31:35,441 [Worker-5] INFO  o.e.m.c.i.embedder.EclipseLogger - skip non existing resourceDirectory /Users/sacchin/Documents/git/PGLScript/PokemonDatasource/src/test/resources
2014-10-26 21:31:51,439 [Worker-5] INFO  o.e.m.c.i.embedder.EclipseLogger - Using 'UTF-8' encoding to copy filtered resources.
2014-10-26 21:31:51,439 [Worker-5] INFO  o.e.m.c.i.embedder.EclipseLogger - Copying 1 resource
2014-10-26 21:31:51,440 [Worker-5] INFO  o.e.m.c.i.embedder.EclipseLogger - Copying 5 resources
2014-10-26 21:31:51,442 [Worker-5] INFO  o.e.m.c.i.embedder.EclipseLogger - Using 'UTF-8' encoding to copy filtered resources.
2014-10-26 21:31:51,442 [Worker-5] INFO  o.e.m.c.i.embedder.EclipseLogger - skip non existing resourceDirectory /Users/sacchin/Documents/git/PGLScript/PokemonDatasource/src/test/resources
2014-10-26 21:32:07,760 [Worker-1] INFO  o.e.m.c.i.embedder.EclipseLogger - Using 'UTF-8' encoding to copy filtered resources.
2014-10-26 21:32:07,761 [Worker-1] INFO  o.e.m.c.i.embedder.EclipseLogger - Copying 1 resource
2014-10-26 21:32:07,763 [Worker-1] INFO  o.e.m.c.i.embedder.EclipseLogger - Copying 5 resources
2014-10-26 21:32:07,765 [Worker-1] INFO  o.e.m.c.i.embedder.EclipseLogger - Using 'UTF-8' encoding to copy filtered resources.
2014-10-26 21:32:07,765 [Worker-1] INFO  o.e.m.c.i.embedder.EclipseLogger - skip non existing resourceDirectory /Users/sacchin/Documents/git/PGLScript/PokemonDatasource/src/test/resources
2014-10-26 21:32:25,437 [Worker-1] INFO  o.e.m.c.i.embedder.EclipseLogger - Using 'UTF-8' encoding to copy filtered resources.
2014-10-26 21:32:25,438 [Worker-1] INFO  o.e.m.c.i.embedder.EclipseLogger - Copying 1 resource
2014-10-26 21:32:25,448 [Worker-1] INFO  o.e.m.c.i.embedder.EclipseLogger - Copying 5 resources
2014-10-26 21:32:25,450 [Worker-1] INFO  o.e.m.c.i.embedder.EclipseLogger - Using 'UTF-8' encoding to copy filtered resources.
2014-10-26 21:32:25,450 [Worker-1] INFO  o.e.m.c.i.embedder.EclipseLogger - skip non existing resourceDirectory /Users/sacchin/Documents/git/PGLScript/PokemonDatasource/src/test/resources
2014-10-26 21:32:36,875 [Worker-0] INFO  o.e.m.c.i.embedder.EclipseLogger - Using 'UTF-8' encoding to copy filtered resources.
2014-10-26 21:32:36,876 [Worker-0] INFO  o.e.m.c.i.embedder.EclipseLogger - Copying 1 resource
2014-10-26 21:32:36,877 [Worker-0] INFO  o.e.m.c.i.embedder.EclipseLogger - Copying 5 resources
2014-10-26 21:32:36,878 [Worker-0] INFO  o.e.m.c.i.embedder.EclipseLogger - Using 'UTF-8' encoding to copy filtered resources.
2014-10-26 21:32:36,878 [Worker-0] INFO  o.e.m.c.i.embedder.EclipseLogger - skip non existing resourceDirectory /Users/sacchin/Documents/git/PGLScript/PokemonDatasource/src/test/resources
